[2026-03-16T05:03:03.278Z] add health check endpoint with detailed status
[2026-03-16T06:39:35.125Z] remove unused packages from package.json
[2026-03-16T07:27:56.151Z] document database migration process
[2026-03-16T10:11:29.929Z] resolve flaky timeout in database connection
[2026-03-16T10:49:08.868Z] add Prometheus metrics endpoint
[2026-03-16T12:34:32.077Z] implement input sanitization middleware
[2026-03-16T14:29:21.483Z] add support for custom log levels
[2026-03-17T05:52:55.587Z] improve error code reference table
[2026-03-17T12:46:53.006Z] configure pre-commit hooks for linting
[2026-03-17T15:04:20.358Z] fix memory leak in event listener cleanup
[2026-03-18T10:09:01.117Z] mock external service calls in test suite
[2026-03-18T14:16:53.873Z] optimize JSON serialization for large payloads
[2026-03-19T09:20:36.553Z] add load testing configuration
[2026-03-20T03:36:21.942Z] update error messages to be more user-friendly
[2026-03-20T08:33:42.168Z] resolve null pointer in user validation
[2026-03-21T07:46:51.654Z] optimize startup sequence to reduce cold boot time
[2026-03-21T10:01:25.414Z] extract validation into separate module
[2026-03-21T15:27:05.663Z] add usage examples to README
[2026-03-22T07:40:18.086Z] validate error responses match schema
[2026-03-22T10:59:18.330Z] resolve null pointer in user validation
[2026-03-22T14:19:17.784Z] fix edge case when input array is empty
